[  9%] Built target hailo_subscriber
[ 23%] Built target go2_ai_controller
[ 38%] Built target go2_vision_node
[ 47%] Built target camera_test
[ 57%] Built target go2_stream_viewer
[ 71%] Built target state_machine
[ 76%] [32mBuilding CXX object CMakeFiles/feedback_based.dir/src/feedback_based.cpp.o[0m
[ 90%] Built target practice
[ 95%] [32m[1mLinking CXX executable feedback_based[0m
[100%] Built target feedback_based
-- Install configuration: ""
-- Installing: /home/sangw/hailo_robot_ws/install/hailo_robot_control/lib/hailo_robot_control/go2_stream_viewer
-- Set non-toolchain portion of runtime path of "/home/sangw/hailo_robot_ws/install/hailo_robot_control/lib/hailo_robot_control/go2_stream_viewer" to ""
-- Installing: /home/sangw/hailo_robot_ws/install/hailo_robot_control/lib/hailo_robot_control/feedback_based
-- Set non-toolchain portion of runtime path of "/home/sangw/hailo_robot_ws/install/hailo_robot_control/lib/hailo_robot_control/feedback_based" to ""
-- Installing: /home/sangw/hailo_robot_ws/install/hailo_robot_control/lib/hailo_robot_control/practice
-- Set non-toolchain portion of runtime path of "/home/sangw/hailo_robot_ws/install/hailo_robot_control/lib/hailo_robot_control/practice" to ""
-- Installing: /home/sangw/hailo_robot_ws/install/hailo_robot_control/lib/hailo_robot_control/state_machine
-- Set non-toolchain portion of runtime path of "/home/sangw/hailo_robot_ws/install/hailo_robot_control/lib/hailo_robot_control/state_machine" to ""
-- Installing: /home/sangw/hailo_robot_ws/install/hailo_robot_control/lib/hailo_robot_control/go2_ai_controller
-- Set non-toolchain portion of runtime path of "/home/sangw/hailo_robot_ws/install/hailo_robot_control/lib/hailo_robot_control/go2_ai_controller" to ""
-- Installing: /home/sangw/hailo_robot_ws/install/hailo_robot_control/lib/hailo_robot_control/go2_vision_node
-- Set non-toolchain portion of runtime path of "/home/sangw/hailo_robot_ws/install/hailo_robot_control/lib/hailo_robot_control/go2_vision_node" to ""
-- Installing: /home/sangw/hailo_robot_ws/install/hailo_robot_control/lib/hailo_robot_control/camera_test
-- Set non-toolchain portion of runtime path of "/home/sangw/hailo_robot_ws/install/hailo_robot_control/lib/hailo_robot_control/camera_test" to ""
-- Installing: /home/sangw/hailo_robot_ws/install/hailo_robot_control/lib/hailo_robot_control/hailo_subscriber
-- Set non-toolchain portion of runtime path of "/home/sangw/hailo_robot_ws/install/hailo_robot_control/lib/hailo_robot_control/hailo_subscriber" to ""
-- Installing: /home/sangw/hailo_robot_ws/install/hailo_robot_control/lib/hailo_robot_control/hailo_detection.py
-- Installing: /home/sangw/hailo_robot_ws/install/hailo_robot_control/share/ament_index/resource_index/package_run_dependencies/hailo_robot_control
-- Installing: /home/sangw/hailo_robot_ws/install/hailo_robot_control/share/ament_index/resource_index/parent_prefix_path/hailo_robot_control
-- Installing: /home/sangw/hailo_robot_ws/install/hailo_robot_control/share/hailo_robot_control/environment/ament_prefix_path.sh
-- Installing: /home/sangw/hailo_robot_ws/install/hailo_robot_control/share/hailo_robot_control/environment/ament_prefix_path.dsv
-- Installing: /home/sangw/hailo_robot_ws/install/hailo_robot_control/share/hailo_robot_control/environment/path.sh
-- Installing: /home/sangw/hailo_robot_ws/install/hailo_robot_control/share/hailo_robot_control/environment/path.dsv
-- Installing: /home/sangw/hailo_robot_ws/install/hailo_robot_control/share/hailo_robot_control/local_setup.bash
-- Installing: /home/sangw/hailo_robot_ws/install/hailo_robot_control/share/hailo_robot_control/local_setup.sh
-- Installing: /home/sangw/hailo_robot_ws/install/hailo_robot_control/share/hailo_robot_control/local_setup.zsh
-- Installing: /home/sangw/hailo_robot_ws/install/hailo_robot_control/share/hailo_robot_control/local_setup.dsv
-- Installing: /home/sangw/hailo_robot_ws/install/hailo_robot_control/share/hailo_robot_control/package.dsv
-- Installing: /home/sangw/hailo_robot_ws/install/hailo_robot_control/share/ament_index/resource_index/packages/hailo_robot_control
-- Installing: /home/sangw/hailo_robot_ws/install/hailo_robot_control/share/hailo_robot_control/cmake/hailo_robot_controlConfig.cmake
-- Installing: /home/sangw/hailo_robot_ws/install/hailo_robot_control/share/hailo_robot_control/cmake/hailo_robot_controlConfig-version.cmake
-- Installing: /home/sangw/hailo_robot_ws/install/hailo_robot_control/share/hailo_robot_control/package.xml
