[0.008s] Invoking command in '/home/sangw/hailo_robot_ws/build/hailo_robot_control': CMAKE_PREFIX_PATH=${CMAKE_PREFIX_PATH}:/opt/ros/jazzy DEBUGINFOD_URLS=https://debuginfod.ubuntu.com /usr/bin/cmake --build /home/sangw/hailo_robot_ws/build/hailo_robot_control -- -j16 -l16
[0.061s] [  9%] Built target hailo_subscriber
[0.061s] [ 23%] Built target go2_ai_controller
[0.062s] [ 38%] Built target go2_vision_node
[0.063s] [ 47%] Built target camera_test
[0.064s] [ 57%] Built target go2_stream_viewer
[0.065s] [ 71%] Built target state_machine
[0.067s] [ 76%] [32mBuilding CXX object CMakeFiles/feedback_based.dir/src/feedback_based.cpp.o[0m
[0.067s] [ 90%] Built target practice
[7.488s] [ 95%] [32m[1mLinking CXX executable feedback_based[0m
[7.854s] [100%] Built target feedback_based
[7.863s] Invoked command in '/home/sangw/hailo_robot_ws/build/hailo_robot_control' returned '0': CMAKE_PREFIX_PATH=${CMAKE_PREFIX_PATH}:/opt/ros/jazzy DEBUGINFOD_URLS=https://debuginfod.ubuntu.com /usr/bin/cmake --build /home/sangw/hailo_robot_ws/build/hailo_robot_control -- -j16 -l16
[7.871s] Invoking command in '/home/sangw/hailo_robot_ws/build/hailo_robot_control': CMAKE_PREFIX_PATH=${CMAKE_PREFIX_PATH}:/opt/ros/jazzy DEBUGINFOD_URLS=https://debuginfod.ubuntu.com /usr/bin/cmake --install /home/sangw/hailo_robot_ws/build/hailo_robot_control
[7.881s] -- Install configuration: ""
[7.881s] -- Installing: /home/sangw/hailo_robot_ws/install/hailo_robot_control/lib/hailo_robot_control/go2_stream_viewer
[7.882s] -- Set non-toolchain portion of runtime path of "/home/sangw/hailo_robot_ws/install/hailo_robot_control/lib/hailo_robot_control/go2_stream_viewer" to ""
[7.882s] -- Installing: /home/sangw/hailo_robot_ws/install/hailo_robot_control/lib/hailo_robot_control/feedback_based
[7.887s] -- Set non-toolchain portion of runtime path of "/home/sangw/hailo_robot_ws/install/hailo_robot_control/lib/hailo_robot_control/feedback_based" to ""
[7.887s] -- Installing: /home/sangw/hailo_robot_ws/install/hailo_robot_control/lib/hailo_robot_control/practice
[7.890s] -- Set non-toolchain portion of runtime path of "/home/sangw/hailo_robot_ws/install/hailo_robot_control/lib/hailo_robot_control/practice" to ""
[7.890s] -- Installing: /home/sangw/hailo_robot_ws/install/hailo_robot_control/lib/hailo_robot_control/state_machine
[7.893s] -- Set non-toolchain portion of runtime path of "/home/sangw/hailo_robot_ws/install/hailo_robot_control/lib/hailo_robot_control/state_machine" to ""
[7.893s] -- Installing: /home/sangw/hailo_robot_ws/install/hailo_robot_control/lib/hailo_robot_control/go2_ai_controller
[7.898s] -- Set non-toolchain portion of runtime path of "/home/sangw/hailo_robot_ws/install/hailo_robot_control/lib/hailo_robot_control/go2_ai_controller" to ""
[7.898s] -- Installing: /home/sangw/hailo_robot_ws/install/hailo_robot_control/lib/hailo_robot_control/go2_vision_node
[7.898s] -- Set non-toolchain portion of runtime path of "/home/sangw/hailo_robot_ws/install/hailo_robot_control/lib/hailo_robot_control/go2_vision_node" to ""
[7.898s] -- Installing: /home/sangw/hailo_robot_ws/install/hailo_robot_control/lib/hailo_robot_control/camera_test
[7.901s] -- Set non-toolchain portion of runtime path of "/home/sangw/hailo_robot_ws/install/hailo_robot_control/lib/hailo_robot_control/camera_test" to ""
[7.901s] -- Installing: /home/sangw/hailo_robot_ws/install/hailo_robot_control/lib/hailo_robot_control/hailo_subscriber
[7.903s] -- Set non-toolchain portion of runtime path of "/home/sangw/hailo_robot_ws/install/hailo_robot_control/lib/hailo_robot_control/hailo_subscriber" to ""
[7.903s] -- Installing: /home/sangw/hailo_robot_ws/install/hailo_robot_control/lib/hailo_robot_control/hailo_detection.py
[7.903s] -- Installing: /home/sangw/hailo_robot_ws/install/hailo_robot_control/share/ament_index/resource_index/package_run_dependencies/hailo_robot_control
[7.903s] -- Installing: /home/sangw/hailo_robot_ws/install/hailo_robot_control/share/ament_index/resource_index/parent_prefix_path/hailo_robot_control
[7.903s] -- Installing: /home/sangw/hailo_robot_ws/install/hailo_robot_control/share/hailo_robot_control/environment/ament_prefix_path.sh
[7.903s] -- Installing: /home/sangw/hailo_robot_ws/install/hailo_robot_control/share/hailo_robot_control/environment/ament_prefix_path.dsv
[7.903s] -- Installing: /home/sangw/hailo_robot_ws/install/hailo_robot_control/share/hailo_robot_control/environment/path.sh
[7.903s] -- Installing: /home/sangw/hailo_robot_ws/install/hailo_robot_control/share/hailo_robot_control/environment/path.dsv
[7.903s] -- Installing: /home/sangw/hailo_robot_ws/install/hailo_robot_control/share/hailo_robot_control/local_setup.bash
[7.903s] -- Installing: /home/sangw/hailo_robot_ws/install/hailo_robot_control/share/hailo_robot_control/local_setup.sh
[7.903s] -- Installing: /home/sangw/hailo_robot_ws/install/hailo_robot_control/share/hailo_robot_control/local_setup.zsh
[7.903s] -- Installing: /home/sangw/hailo_robot_ws/install/hailo_robot_control/share/hailo_robot_control/local_setup.dsv
[7.903s] -- Installing: /home/sangw/hailo_robot_ws/install/hailo_robot_control/share/hailo_robot_control/package.dsv
[7.903s] -- Installing: /home/sangw/hailo_robot_ws/install/hailo_robot_control/share/ament_index/resource_index/packages/hailo_robot_control
[7.903s] -- Installing: /home/sangw/hailo_robot_ws/install/hailo_robot_control/share/hailo_robot_control/cmake/hailo_robot_controlConfig.cmake
[7.903s] -- Installing: /home/sangw/hailo_robot_ws/install/hailo_robot_control/share/hailo_robot_control/cmake/hailo_robot_controlConfig-version.cmake
[7.903s] -- Installing: /home/sangw/hailo_robot_ws/install/hailo_robot_control/share/hailo_robot_control/package.xml
[7.905s] Invoked command in '/home/sangw/hailo_robot_ws/build/hailo_robot_control' returned '0': CMAKE_PREFIX_PATH=${CMAKE_PREFIX_PATH}:/opt/ros/jazzy DEBUGINFOD_URLS=https://debuginfod.ubuntu.com /usr/bin/cmake --install /home/sangw/hailo_robot_ws/build/hailo_robot_control
