[0.008s] Invoking command in '/home/sangw/hailo_robot_ws/build/hailo_robot_control': CMAKE_PREFIX_PATH=${CMAKE_PREFIX_PATH}:/opt/ros/jazzy DEBUGINFOD_URLS=https://debuginfod.ubuntu.com /usr/bin/cmake /home/sangw/hailo_robot_ws/src/hailo_robot_control -DCMAKE_EXPORT_COMPILE_COMMANDS=ON -DCMAKE_INSTALL_PREFIX=/home/sangw/hailo_robot_ws/install/hailo_robot_control
[0.020s] -- Found ament_cmake: 2.5.5 (/opt/ros/jazzy/share/ament_cmake/cmake)
[0.188s] -- Found rclcpp: 28.1.16 (/opt/ros/jazzy/share/rclcpp/cmake)
[0.206s] -- Found rosidl_generator_c: 4.6.7 (/opt/ros/jazzy/share/rosidl_generator_c/cmake)
[0.211s] -- Found rosidl_generator_cpp: 4.6.7 (/opt/ros/jazzy/share/rosidl_generator_cpp/cmake)
[0.219s] -- Using all available rosidl_typesupport_c: rosidl_typesupport_fastrtps_c;rosidl_typesupport_introspection_c
[0.228s] -- Using all available rosidl_typesupport_cpp: rosidl_typesupport_fastrtps_cpp;rosidl_typesupport_introspection_cpp
[0.269s] -- Found rmw_implementation_cmake: 7.3.3 (/opt/ros/jazzy/share/rmw_implementation_cmake/cmake)
[0.270s] -- Found rmw_cyclonedds_cpp: 2.2.3 (/home/sangw/unitree_ros2/install/rmw_cyclonedds_cpp/share/rmw_cyclonedds_cpp/cmake)
[0.284s] -- Using RMW implementation 'rmw_cyclonedds_cpp' as default
[0.323s] -- Found std_msgs: 5.3.6 (/opt/ros/jazzy/share/std_msgs/cmake)
[0.330s] -- Found unitree_go: 0.0.0 (/home/sangw/unitree_ros2/install/unitree_go/share/unitree_go/cmake)
[0.349s] -- Found unitree_api: 0.0.0 (/home/sangw/unitree_ros2/install/unitree_api/share/unitree_api/cmake)
[0.359s] -- Found unitree_go2_vision_msgs: 0.0.0 (/home/sangw/unitree_ros2/install/unitree_go2_vision_msgs/share/unitree_go2_vision_msgs/cmake)
[0.379s] [33mCMake Warning at CMakeLists.txt:29 (message):
[0.379s]   HailoRT Library not found! The hailo_detection_publisher might fail to
[0.379s]   link.
[0.379s] 
[0.379s] [0m
[0.452s] -- Configuring done (0.4s)
[0.490s] -- Generating done (0.0s)
[0.502s] -- Build files have been written to: /home/sangw/hailo_robot_ws/build/hailo_robot_control
[0.511s] Invoked command in '/home/sangw/hailo_robot_ws/build/hailo_robot_control' returned '0': CMAKE_PREFIX_PATH=${CMAKE_PREFIX_PATH}:/opt/ros/jazzy DEBUGINFOD_URLS=https://debuginfod.ubuntu.com /usr/bin/cmake /home/sangw/hailo_robot_ws/src/hailo_robot_control -DCMAKE_EXPORT_COMPILE_COMMANDS=ON -DCMAKE_INSTALL_PREFIX=/home/sangw/hailo_robot_ws/install/hailo_robot_control
[0.512s] Invoking command in '/home/sangw/hailo_robot_ws/build/hailo_robot_control': CMAKE_PREFIX_PATH=${CMAKE_PREFIX_PATH}:/opt/ros/jazzy DEBUGINFOD_URLS=https://debuginfod.ubuntu.com /usr/bin/cmake --build /home/sangw/hailo_robot_ws/build/hailo_robot_control -- -j16 -l16
[0.560s] [  4%] [32mBuilding CXX object CMakeFiles/hailo_detection_publisher.dir/src/hailo_detection.cpp.o[0m
[0.568s] [ 13%] Built target camera_test
[0.568s] [ 26%] Built target go2_vision_node
[0.570s] [ 34%] Built target hailo_subscriber
[0.571s] [ 47%] Built target feedback_based
[0.572s] [ 60%] Built target practice
[0.573s] [ 73%] Built target state_machine
[0.574s] [ 82%] Built target go2_stream_viewer
[0.578s] [ 95%] Built target go2_ai_controller
[0.773s] [01m[K/home/sangw/hailo_robot_ws/src/hailo_robot_control/src/hailo_detection.cpp:6:10:[m[K [01;31m[Kfatal error: [m[Khailo/hailort.hpp: No such file or directory
[0.774s]     6 | #include [01;31m[K<hailo/hailort.hpp>[m[K
[0.774s]       |          [01;31m[K^~~~~~~~~~~~~~~~~~~[m[K
[0.774s] compilation terminated.
[0.783s] gmake[2]: *** [CMakeFiles/hailo_detection_publisher.dir/build.make:76: CMakeFiles/hailo_detection_publisher.dir/src/hailo_detection.cpp.o] Error 1
[0.783s] gmake[1]: *** [CMakeFiles/Makefile2:309: CMakeFiles/hailo_detection_publisher.dir/all] Error 2
[0.783s] gmake: *** [Makefile:146: all] Error 2
[0.785s] Invoked command in '/home/sangw/hailo_robot_ws/build/hailo_robot_control' returned '2': CMAKE_PREFIX_PATH=${CMAKE_PREFIX_PATH}:/opt/ros/jazzy DEBUGINFOD_URLS=https://debuginfod.ubuntu.com /usr/bin/cmake --build /home/sangw/hailo_robot_ws/build/hailo_robot_control -- -j16 -l16
