-- Found ament_cmake: 2.5.5 (/opt/ros/jazzy/share/ament_cmake/cmake)
-- Found rclcpp: 28.1.16 (/opt/ros/jazzy/share/rclcpp/cmake)
-- Found rosidl_generator_c: 4.6.7 (/opt/ros/jazzy/share/rosidl_generator_c/cmake)
-- Found rosidl_generator_cpp: 4.6.7 (/opt/ros/jazzy/share/rosidl_generator_cpp/cmake)
-- Using all available rosidl_typesupport_c: rosidl_typesupport_fastrtps_c;rosidl_typesupport_introspection_c
-- Using all available rosidl_typesupport_cpp: rosidl_typesupport_fastrtps_cpp;rosidl_typesupport_introspection_cpp
-- Found rmw_implementation_cmake: 7.3.3 (/opt/ros/jazzy/share/rmw_implementation_cmake/cmake)
-- Found rmw_cyclonedds_cpp: 2.2.3 (/home/sangw/unitree_ros2/install/rmw_cyclonedds_cpp/share/rmw_cyclonedds_cpp/cmake)
-- Using RMW implementation 'rmw_cyclonedds_cpp' as default
-- Found std_msgs: 5.3.6 (/opt/ros/jazzy/share/std_msgs/cmake)
-- Found unitree_go: 0.0.0 (/home/sangw/unitree_ros2/install/unitree_go/share/unitree_go/cmake)
-- Found unitree_api: 0.0.0 (/home/sangw/unitree_ros2/install/unitree_api/share/unitree_api/cmake)
-- Found unitree_go2_vision_msgs: 0.0.0 (/home/sangw/unitree_ros2/install/unitree_go2_vision_msgs/share/unitree_go2_vision_msgs/cmake)
-- Configuring done (0.4s)
-- Generating done (0.0s)
-- Build files have been written to: /home/sangw/hailo_robot_ws/build/hailo_robot_control
[  9%] [32mBuilding CXX object CMakeFiles/hailo_subscriber.dir/src/hailo_subscriber.cpp.o[0m
[  9%] [32mBuilding CXX object CMakeFiles/camera_test.dir/src/camera_test.cpp.o[0m
[ 14%] [32mBuilding CXX object CMakeFiles/state_machine.dir/src/state_machine_test.cpp.o[0m
[ 19%] [32mBuilding CXX object CMakeFiles/practice.dir/src/practice.cpp.o[0m
[ 23%] [32mBuilding CXX object CMakeFiles/state_machine.dir/src/common/ros2_sport_client.cpp.o[0m
[ 28%] [32mBuilding CXX object CMakeFiles/go2_vision_node.dir/src/go2_vision_node.cpp.o[0m
[ 33%] [32mBuilding CXX object CMakeFiles/go2_vision_node.dir/src/YOLOInferencer.cpp.o[0m
[ 38%] [32mBuilding CXX object CMakeFiles/go2_ai_controller.dir/src/go2_ai_controller.cpp.o[0m
[ 47%] [32mBuilding CXX object CMakeFiles/go2_ai_controller.dir/src/common/ros2_sport_client.cpp.o[0m
[ 47%] [32mBuilding CXX object CMakeFiles/practice.dir/src/common/ros2_sport_client.cpp.o[0m
[ 52%] [32mBuilding CXX object CMakeFiles/go2_stream_viewer.dir/src/go2_stream_viewer.cpp.o[0m
[ 61%] [32mBuilding CXX object CMakeFiles/feedback_based.dir/src/feedback_based.cpp.o[0m
[ 61%] [32mBuilding CXX object CMakeFiles/feedback_based.dir/src/common/ros2_sport_client.cpp.o[0m
[ 66%] [32m[1mLinking CXX executable go2_vision_node[0m
[ 66%] Built target go2_vision_node
[ 71%] [32m[1mLinking CXX executable go2_stream_viewer[0m
[ 71%] Built target go2_stream_viewer
[ 76%] [32m[1mLinking CXX executable practice[0m
[ 80%] [32m[1mLinking CXX executable hailo_subscriber[0m
[ 80%] Built target practice
[ 80%] Built target hailo_subscriber
[ 85%] [32m[1mLinking CXX executable state_machine[0m
[ 85%] Built target state_machine
[ 90%] [32m[1mLinking CXX executable camera_test[0m
[ 90%] Built target camera_test
[ 95%] [32m[1mLinking CXX executable feedback_based[0m
[100%] [32m[1mLinking CXX executable go2_ai_controller[0m
[100%] Built target feedback_based
[100%] Built target go2_ai_controller
-- Install configuration: ""
-- Installing: /home/sangw/hailo_robot_ws/install/hailo_robot_control/lib/hailo_robot_control/go2_stream_viewer
-- Set non-toolchain portion of runtime path of "/home/sangw/hailo_robot_ws/install/hailo_robot_control/lib/hailo_robot_control/go2_stream_viewer" to ""
-- Installing: /home/sangw/hailo_robot_ws/install/hailo_robot_control/lib/hailo_robot_control/feedback_based
-- Set non-toolchain portion of runtime path of "/home/sangw/hailo_robot_ws/install/hailo_robot_control/lib/hailo_robot_control/feedback_based" to ""
-- Installing: /home/sangw/hailo_robot_ws/install/hailo_robot_control/lib/hailo_robot_control/practice
-- Set non-toolchain portion of runtime path of "/home/sangw/hailo_robot_ws/install/hailo_robot_control/lib/hailo_robot_control/practice" to ""
-- Installing: /home/sangw/hailo_robot_ws/install/hailo_robot_control/lib/hailo_robot_control/state_machine
-- Set non-toolchain portion of runtime path of "/home/sangw/hailo_robot_ws/install/hailo_robot_control/lib/hailo_robot_control/state_machine" to ""
-- Installing: /home/sangw/hailo_robot_ws/install/hailo_robot_control/lib/hailo_robot_control/go2_ai_controller
-- Set non-toolchain portion of runtime path of "/home/sangw/hailo_robot_ws/install/hailo_robot_control/lib/hailo_robot_control/go2_ai_controller" to ""
-- Installing: /home/sangw/hailo_robot_ws/install/hailo_robot_control/lib/hailo_robot_control/go2_vision_node
-- Set non-toolchain portion of runtime path of "/home/sangw/hailo_robot_ws/install/hailo_robot_control/lib/hailo_robot_control/go2_vision_node" to ""
-- Installing: /home/sangw/hailo_robot_ws/install/hailo_robot_control/lib/hailo_robot_control/camera_test
-- Set non-toolchain portion of runtime path of "/home/sangw/hailo_robot_ws/install/hailo_robot_control/lib/hailo_robot_control/camera_test" to ""
-- Installing: /home/sangw/hailo_robot_ws/install/hailo_robot_control/lib/hailo_robot_control/hailo_subscriber
-- Set non-toolchain portion of runtime path of "/home/sangw/hailo_robot_ws/install/hailo_robot_control/lib/hailo_robot_control/hailo_subscriber" to ""
-- Up-to-date: /home/sangw/hailo_robot_ws/install/hailo_robot_control/lib/hailo_robot_control/hailo_detection.py
-- Up-to-date: /home/sangw/hailo_robot_ws/install/hailo_robot_control/share/ament_index/resource_index/package_run_dependencies/hailo_robot_control
-- Installing: /home/sangw/hailo_robot_ws/install/hailo_robot_control/share/ament_index/resource_index/parent_prefix_path/hailo_robot_control
-- Up-to-date: /home/sangw/hailo_robot_ws/install/hailo_robot_control/share/hailo_robot_control/environment/ament_prefix_path.sh
-- Up-to-date: /home/sangw/hailo_robot_ws/install/hailo_robot_control/share/hailo_robot_control/environment/ament_prefix_path.dsv
-- Up-to-date: /home/sangw/hailo_robot_ws/install/hailo_robot_control/share/hailo_robot_control/environment/path.sh
-- Up-to-date: /home/sangw/hailo_robot_ws/install/hailo_robot_control/share/hailo_robot_control/environment/path.dsv
-- Up-to-date: /home/sangw/hailo_robot_ws/install/hailo_robot_control/share/hailo_robot_control/local_setup.bash
-- Up-to-date: /home/sangw/hailo_robot_ws/install/hailo_robot_control/share/hailo_robot_control/local_setup.sh
-- Up-to-date: /home/sangw/hailo_robot_ws/install/hailo_robot_control/share/hailo_robot_control/local_setup.zsh
-- Up-to-date: /home/sangw/hailo_robot_ws/install/hailo_robot_control/share/hailo_robot_control/local_setup.dsv
-- Installing: /home/sangw/hailo_robot_ws/install/hailo_robot_control/share/hailo_robot_control/package.dsv
-- Up-to-date: /home/sangw/hailo_robot_ws/install/hailo_robot_control/share/ament_index/resource_index/packages/hailo_robot_control
-- Up-to-date: /home/sangw/hailo_robot_ws/install/hailo_robot_control/share/hailo_robot_control/cmake/hailo_robot_controlConfig.cmake
-- Up-to-date: /home/sangw/hailo_robot_ws/install/hailo_robot_control/share/hailo_robot_control/cmake/hailo_robot_controlConfig-version.cmake
-- Up-to-date: /home/sangw/hailo_robot_ws/install/hailo_robot_control/share/hailo_robot_control/package.xml
