-- The C compiler identification is GNU 13.3.0
-- The CXX compiler identification is GNU 13.3.0
-- Detecting C compiler ABI info
-- Detecting C compiler ABI info - done
-- Check for working C compiler: /usr/bin/cc - skipped
-- Detecting C compile features
-- Detecting C compile features - done
-- Detecting CXX compiler ABI info
-- Detecting CXX compiler ABI info - done
-- Check for working CXX compiler: /usr/bin/c++ - skipped
-- Detecting CXX compile features
-- Detecting CXX compile features - done
-- Found ament_cmake: 2.5.5 (/opt/ros/jazzy/share/ament_cmake/cmake)
-- Found Python3: /usr/bin/python3 (found version "3.12.3") found components: Interpreter 
-- Found rclcpp: 28.1.16 (/opt/ros/jazzy/share/rclcpp/cmake)
-- Found rosidl_generator_c: 4.6.7 (/opt/ros/jazzy/share/rosidl_generator_c/cmake)
-- Found rosidl_generator_cpp: 4.6.7 (/opt/ros/jazzy/share/rosidl_generator_cpp/cmake)
-- Using all available rosidl_typesupport_c: rosidl_typesupport_fastrtps_c;rosidl_typesupport_introspection_c
-- Using all available rosidl_typesupport_cpp: rosidl_typesupport_fastrtps_cpp;rosidl_typesupport_introspection_cpp
-- Found rmw_implementation_cmake: 7.3.3 (/opt/ros/jazzy/share/rmw_implementation_cmake/cmake)
-- Found rmw_fastrtps_cpp: 8.4.3 (/opt/ros/jazzy/share/rmw_fastrtps_cpp/cmake)
-- Found OpenSSL: /usr/lib/x86_64-linux-gnu/libcrypto.so (found version "3.0.13")  
-- Found FastRTPS: /opt/ros/jazzy/include (Required is at least version "2.13") 
-- Using RMW implementation 'rmw_fastrtps_cpp' as default
-- Found std_msgs: 5.3.6 (/opt/ros/jazzy/share/std_msgs/cmake)
-- Found unitree_go: 0.0.0 (/home/sangw/unitree_ros2/install/unitree_go/share/unitree_go/cmake)
-- Found unitree_api: 0.0.0 (/home/sangw/unitree_ros2/install/unitree_api/share/unitree_api/cmake)
-- Found unitree_go2_vision_msgs: 0.0.0 (/home/sangw/unitree_ros2/install/unitree_go2_vision_msgs/share/unitree_go2_vision_msgs/cmake)
-- Found OpenCV: /usr (found version "4.6.0") 
-- Found PkgConfig: /usr/bin/pkg-config (found version "1.8.1") 
-- Checking for modules 'libavcodec;libavutil;libswscale'
--   Found libavcodec, version 60.31.102
--   Found libavutil, version 58.29.100
--   Found libswscale, version 7.5.100
-- Configuring done (1.3s)
-- Generating done (0.0s)
-- Build files have been written to: /home/sangw/hailo_robot_ws/build/hailo_robot_control
[  4%] [32mBuilding CXX object CMakeFiles/state_machine.dir/src/common/ros2_sport_client.cpp.o[0m
[  9%] [32mBuilding CXX object CMakeFiles/state_machine.dir/src/state_machine_test.cpp.o[0m
[ 14%] [32mBuilding CXX object CMakeFiles/practice.dir/src/practice.cpp.o[0m
[ 19%] [32mBuilding CXX object CMakeFiles/go2_ai_controller.dir/src/go2_ai_controller.cpp.o[0m
[ 23%] [32mBuilding CXX object CMakeFiles/go2_vision_node.dir/src/go2_vision_node.cpp.o[0m
[ 33%] [32mBuilding CXX object CMakeFiles/go2_ai_controller.dir/src/common/ros2_sport_client.cpp.o[0m
[ 33%] [32mBuilding CXX object CMakeFiles/practice.dir/src/common/ros2_sport_client.cpp.o[0m
[ 38%] [32mBuilding CXX object CMakeFiles/hailo_subscriber.dir/src/hailo_subscriber.cpp.o[0m
[ 47%] [32mBuilding CXX object CMakeFiles/go2_vision_node.dir/src/YOLOInferencer.cpp.o[0m
[ 47%] [32mBuilding CXX object CMakeFiles/go2_stream_viewer.dir/src/go2_stream_viewer.cpp.o[0m
[ 52%] [32mBuilding CXX object CMakeFiles/camera_test.dir/src/camera_test.cpp.o[0m
[ 57%] [32mBuilding CXX object CMakeFiles/feedback_based.dir/src/common/ros2_sport_client.cpp.o[0m
[ 61%] [32mBuilding CXX object CMakeFiles/feedback_based.dir/src/feedback_based.cpp.o[0m
In file included from [01m[K/home/sangw/hailo_robot_ws/src/hailo_robot_control/src/common/ros2_sport_client.cpp:4[m[K:
[01m[K/home/sangw/hailo_robot_ws/src/hailo_robot_control/include/common/ros2_sport_client.h:9:10:[m[K [01;31m[Kfatal error: [m[Knlohmann/json.hpp: No such file or directory
    9 | #include [01;31m[K"nlohmann/json.hpp"[m[K
      |          [01;31m[K^~~~~~~~~~~~~~~~~~~[m[K
compilation terminated.
In file included from [01m[K/home/sangw/hailo_robot_ws/src/hailo_robot_control/src/go2_ai_controller.cpp:6[m[K:
[01m[K/home/sangw/hailo_robot_ws/src/hailo_robot_control/include/common/ros2_sport_client.h:9:10:[m[K [01;31m[Kfatal error: [m[Knlohmann/json.hpp: No such file or directory
    9 | #include [01;31m[K"nlohmann/json.hpp"[m[K
      |          [01;31m[K^~~~~~~~~~~~~~~~~~~[m[K
compilation terminated.
gmake[2]: *** [CMakeFiles/state_machine.dir/build.make:90: CMakeFiles/state_machine.dir/src/common/ros2_sport_client.cpp.o] Error 1
gmake[2]: *** Waiting for unfinished jobs....
gmake[2]: *** [CMakeFiles/go2_ai_controller.dir/build.make:76: CMakeFiles/go2_ai_controller.dir/src/go2_ai_controller.cpp.o] Error 1
gmake[2]: *** Waiting for unfinished jobs....
In file included from [01m[K/home/sangw/hailo_robot_ws/src/hailo_robot_control/src/common/ros2_sport_client.cpp:4[m[K:
[01m[K/home/sangw/hailo_robot_ws/src/hailo_robot_control/include/common/ros2_sport_client.h:9:10:[m[K [01;31m[Kfatal error: [m[Knlohmann/json.hpp: No such file or directory
    9 | #include [01;31m[K"nlohmann/json.hpp"[m[K
      |          [01;31m[K^~~~~~~~~~~~~~~~~~~[m[K
compilation terminated.
gmake[2]: *** [CMakeFiles/feedback_based.dir/build.make:90: CMakeFiles/feedback_based.dir/src/common/ros2_sport_client.cpp.o] Error 1
gmake[2]: *** Waiting for unfinished jobs....
In file included from [01m[K/home/sangw/hailo_robot_ws/src/hailo_robot_control/src/common/ros2_sport_client.cpp:4[m[K:
[01m[K/home/sangw/hailo_robot_ws/src/hailo_robot_control/include/common/ros2_sport_client.h:9:10:[m[K [01;31m[Kfatal error: [m[Knlohmann/json.hpp: No such file or directory
    9 | #include [01;31m[K"nlohmann/json.hpp"[m[K
      |          [01;31m[K^~~~~~~~~~~~~~~~~~~[m[K
compilation terminated.
In file included from [01m[K/home/sangw/hailo_robot_ws/src/hailo_robot_control/src/common/ros2_sport_client.cpp:4[m[K:
[01m[K/home/sangw/hailo_robot_ws/src/hailo_robot_control/include/common/ros2_sport_client.h:9:10:[m[K [01;31m[Kfatal error: [m[Knlohmann/json.hpp: No such file or directory
    9 | #include [01;31m[K"nlohmann/json.hpp"[m[K
      |          [01;31m[K^~~~~~~~~~~~~~~~~~~[m[K
compilation terminated.
In file included from [01m[K/home/sangw/hailo_robot_ws/src/hailo_robot_control/src/feedback_based.cpp:5[m[K:
[01m[K/home/sangw/hailo_robot_ws/src/hailo_robot_control/include/common/ros2_sport_client.h:9:10:[m[K [01;31m[Kfatal error: [m[Knlohmann/json.hpp: No such file or directory
    9 | #include [01;31m[K"nlohmann/json.hpp"[m[K
      |          [01;31m[K^~~~~~~~~~~~~~~~~~~[m[K
compilation terminated.
gmake[2]: *** [CMakeFiles/practice.dir/build.make:90: CMakeFiles/practice.dir/src/common/ros2_sport_client.cpp.o] Error 1
gmake[2]: *** Waiting for unfinished jobs....
gmake[2]: *** [CMakeFiles/go2_ai_controller.dir/build.make:90: CMakeFiles/go2_ai_controller.dir/src/common/ros2_sport_client.cpp.o] Error 1
gmake[1]: *** [CMakeFiles/Makefile2:203: CMakeFiles/go2_ai_controller.dir/all] Error 2
gmake[2]: *** [CMakeFiles/feedback_based.dir/build.make:76: CMakeFiles/feedback_based.dir/src/feedback_based.cpp.o] Error 1
gmake[1]: *** Waiting for unfinished jobs....
gmake[1]: *** [CMakeFiles/Makefile2:333: CMakeFiles/feedback_based.dir/all] Error 2
In file included from [01m[K/home/sangw/hailo_robot_ws/src/hailo_robot_control/src/practice.cpp:4[m[K:
[01m[K/home/sangw/hailo_robot_ws/src/hailo_robot_control/include/common/ros2_sport_client.h:9:10:[m[K [01;31m[Kfatal error: [m[Knlohmann/json.hpp: No such file or directory
    9 | nclude [01;31m[K"nlohmann/json.hpp"[m[K
      |        [01;31m[K^~~~~~~~~~~~~~~~~~~[m[K

compilation terminated.
gmake[2]: *** [CMakeFiles/practice.dir/build.make:76: CMakeFiles/practice.dir/src/practice.cpp.o] Error 1
gmake[1]: *** [CMakeFiles/Makefile2:151: CMakeFiles/practice.dir/all] Error 2
In file included from [01m[K/home/sangw/hailo_robot_ws/src/hailo_robot_control/src/state_machine_test.cpp:4[m[K:
[01m[K/home/sangw/hailo_robot_ws/src/hailo_robot_control/include/common/ros2_sport_client.h:9:10:[m[K [01;31m[Kfatal error: [m[Knlohmann/json.hpp: No such file or directory
    9 | #include [01;31m[K"nlohmann/json.hpp"[m[K
      |          [01;31m[K^~~~~~~~~~~~~~~~~~~[m[K
compilation terminated.
gmake[2]: *** [CMakeFiles/state_machine.dir/build.make:76: CMakeFiles/state_machine.dir/src/state_machine_test.cpp.o] Error 1
gmake[1]: *** [CMakeFiles/Makefile2:177: CMakeFiles/state_machine.dir/all] Error 2
[ 66%] [32m[1mLinking CXX executable go2_stream_viewer[0m
[ 71%] [32m[1mLinking CXX executable go2_vision_node[0m
[ 71%] Built target go2_stream_viewer
[ 71%] Built target go2_vision_node
[ 76%] [32m[1mLinking CXX executable hailo_subscriber[0m
[ 76%] Built target hailo_subscriber
[ 80%] [32m[1mLinking CXX executable camera_test[0m
[ 80%] Built target camera_test
gmake: *** [Makefile:146: all] Error 2
