[0.006s] Invoking command in '/home/sangw/hailo_robot_ws/build/hailo_robot_control': CMAKE_PREFIX_PATH=${CMAKE_PREFIX_PATH}:/opt/ros/jazzy DEBUGINFOD_URLS=https://debuginfod.ubuntu.com /usr/bin/cmake /home/sangw/hailo_robot_ws/src/hailo_robot_control -DCMAKE_INSTALL_PREFIX=/home/sangw/hailo_robot_ws/install/hailo_robot_control
[0.071s] -- The C compiler identification is GNU 13.3.0
[0.137s] -- The CXX compiler identification is GNU 13.3.0
[0.160s] -- Detecting C compiler ABI info
[0.303s] -- Detecting C compiler ABI info - done
[0.317s] -- Check for working C compiler: /usr/bin/cc - skipped
[0.317s] -- Detecting C compile features
[0.317s] -- Detecting C compile features - done
[0.329s] -- Detecting CXX compiler ABI info
[0.474s] -- Detecting CXX compiler ABI info - done
[0.484s] -- Check for working CXX compiler: /usr/bin/c++ - skipped
[0.484s] -- Detecting CXX compile features
[0.485s] -- Detecting CXX compile features - done
[0.489s] -- Found ament_cmake: 2.5.5 (/opt/ros/jazzy/share/ament_cmake/cmake)
[0.602s] -- Found Python3: /usr/bin/python3 (found version "3.12.3") found components: Interpreter 
[0.676s] -- Found rclcpp: 28.1.16 (/opt/ros/jazzy/share/rclcpp/cmake)
[0.709s] -- Found rosidl_generator_c: 4.6.7 (/opt/ros/jazzy/share/rosidl_generator_c/cmake)
[0.718s] -- Found rosidl_generator_cpp: 4.6.7 (/opt/ros/jazzy/share/rosidl_generator_cpp/cmake)
[0.729s] -- Using all available rosidl_typesupport_c: rosidl_typesupport_fastrtps_c;rosidl_typesupport_introspection_c
[0.741s] -- Using all available rosidl_typesupport_cpp: rosidl_typesupport_fastrtps_cpp;rosidl_typesupport_introspection_cpp
[0.797s] -- Found rmw_implementation_cmake: 7.3.3 (/opt/ros/jazzy/share/rmw_implementation_cmake/cmake)
[0.800s] -- Found rmw_fastrtps_cpp: 8.4.3 (/opt/ros/jazzy/share/rmw_fastrtps_cpp/cmake)
[0.875s] -- Found OpenSSL: /usr/lib/x86_64-linux-gnu/libcrypto.so (found version "3.0.13")  
[0.895s] -- Found FastRTPS: /opt/ros/jazzy/include (Required is at least version "2.13") 
[0.911s] -- Using RMW implementation 'rmw_fastrtps_cpp' as default
[0.959s] -- Found std_msgs: 5.3.6 (/opt/ros/jazzy/share/std_msgs/cmake)
[0.968s] -- Found unitree_go: 0.0.0 (/home/sangw/unitree_ros2/install/unitree_go/share/unitree_go/cmake)
[0.991s] -- Found unitree_api: 0.0.0 (/home/sangw/unitree_ros2/install/unitree_api/share/unitree_api/cmake)
[1.003s] -- Found unitree_go2_vision_msgs: 0.0.0 (/home/sangw/unitree_ros2/install/unitree_go2_vision_msgs/share/unitree_go2_vision_msgs/cmake)
[1.023s] -- Found OpenCV: /usr (found version "4.6.0") 
[1.026s] -- Found PkgConfig: /usr/bin/pkg-config (found version "1.8.1") 
[1.027s] -- Checking for modules 'libavcodec;libavutil;libswscale'
[1.043s] --   Found libavcodec, version 60.31.102
[1.059s] --   Found libavutil, version 58.29.100
[1.089s] --   Found libswscale, version 7.5.100
[1.270s] -- Configuring done (1.3s)
[1.301s] -- Generating done (0.0s)
[1.311s] -- Build files have been written to: /home/sangw/hailo_robot_ws/build/hailo_robot_control
[1.320s] Invoked command in '/home/sangw/hailo_robot_ws/build/hailo_robot_control' returned '0': CMAKE_PREFIX_PATH=${CMAKE_PREFIX_PATH}:/opt/ros/jazzy DEBUGINFOD_URLS=https://debuginfod.ubuntu.com /usr/bin/cmake /home/sangw/hailo_robot_ws/src/hailo_robot_control -DCMAKE_INSTALL_PREFIX=/home/sangw/hailo_robot_ws/install/hailo_robot_control
[1.321s] Invoking command in '/home/sangw/hailo_robot_ws/build/hailo_robot_control': CMAKE_PREFIX_PATH=${CMAKE_PREFIX_PATH}:/opt/ros/jazzy DEBUGINFOD_URLS=https://debuginfod.ubuntu.com /usr/bin/cmake --build /home/sangw/hailo_robot_ws/build/hailo_robot_control -- -j16 -l16
[1.381s] [  4%] [32mBuilding CXX object CMakeFiles/state_machine.dir/src/common/ros2_sport_client.cpp.o[0m
[1.381s] [  9%] [32mBuilding CXX object CMakeFiles/state_machine.dir/src/state_machine_test.cpp.o[0m
[1.381s] [ 14%] [32mBuilding CXX object CMakeFiles/practice.dir/src/practice.cpp.o[0m
[1.382s] [ 19%] [32mBuilding CXX object CMakeFiles/go2_ai_controller.dir/src/go2_ai_controller.cpp.o[0m
[1.382s] [ 23%] [32mBuilding CXX object CMakeFiles/go2_vision_node.dir/src/go2_vision_node.cpp.o[0m
[1.382s] [ 33%] [32mBuilding CXX object CMakeFiles/go2_ai_controller.dir/src/common/ros2_sport_client.cpp.o[0m
[1.382s] [ 33%] [32mBuilding CXX object CMakeFiles/practice.dir/src/common/ros2_sport_client.cpp.o[0m
[1.384s] [ 38%] [32mBuilding CXX object CMakeFiles/hailo_subscriber.dir/src/hailo_subscriber.cpp.o[0m
[1.386s] [ 47%] [32mBuilding CXX object CMakeFiles/go2_vision_node.dir/src/YOLOInferencer.cpp.o[0m
[1.386s] [ 47%] [32mBuilding CXX object CMakeFiles/go2_stream_viewer.dir/src/go2_stream_viewer.cpp.o[0m
[1.388s] [ 52%] [32mBuilding CXX object CMakeFiles/camera_test.dir/src/camera_test.cpp.o[0m
[1.390s] [ 57%] [32mBuilding CXX object CMakeFiles/feedback_based.dir/src/common/ros2_sport_client.cpp.o[0m
[1.392s] [ 61%] [32mBuilding CXX object CMakeFiles/feedback_based.dir/src/feedback_based.cpp.o[0m
[1.533s] In file included from [01m[K/home/sangw/hailo_robot_ws/src/hailo_robot_control/src/common/ros2_sport_client.cpp:4[m[K:
[1.533s] [01m[K/home/sangw/hailo_robot_ws/src/hailo_robot_control/include/common/ros2_sport_client.h:9:10:[m[K [01;31m[Kfatal error: [m[Knlohmann/json.hpp: No such file or directory
[1.533s]     9 | #include [01;31m[K"nlohmann/json.hpp"[m[K
[1.533s]       |          [01;31m[K^~~~~~~~~~~~~~~~~~~[m[K
[1.533s] compilation terminated.
[1.538s] In file included from [01m[K/home/sangw/hailo_robot_ws/src/hailo_robot_control/src/go2_ai_controller.cpp:6[m[K:
[1.539s] [01m[K/home/sangw/hailo_robot_ws/src/hailo_robot_control/include/common/ros2_sport_client.h:9:10:[m[K [01;31m[Kfatal error: [m[Knlohmann/json.hpp: No such file or directory
[1.539s]     9 | #include [01;31m[K"nlohmann/json.hpp"[m[K
[1.539s]       |          [01;31m[K^~~~~~~~~~~~~~~~~~~[m[K
[1.539s] compilation terminated.
[1.542s] gmake[2]: *** [CMakeFiles/state_machine.dir/build.make:90: CMakeFiles/state_machine.dir/src/common/ros2_sport_client.cpp.o] Error 1
[1.542s] gmake[2]: *** Waiting for unfinished jobs....
[1.542s] gmake[2]: *** [CMakeFiles/go2_ai_controller.dir/build.make:76: CMakeFiles/go2_ai_controller.dir/src/go2_ai_controller.cpp.o] Error 1
[1.543s] gmake[2]: *** Waiting for unfinished jobs....
[1.546s] In file included from [01m[K/home/sangw/hailo_robot_ws/src/hailo_robot_control/src/common/ros2_sport_client.cpp:4[m[K:
[1.546s] [01m[K/home/sangw/hailo_robot_ws/src/hailo_robot_control/include/common/ros2_sport_client.h:9:10:[m[K [01;31m[Kfatal error: [m[Knlohmann/json.hpp: No such file or directory
[1.546s]     9 | #include [01;31m[K"nlohmann/json.hpp"[m[K
[1.546s]       |          [01;31m[K^~~~~~~~~~~~~~~~~~~[m[K
[1.546s] compilation terminated.
[1.548s] gmake[2]: *** [CMakeFiles/feedback_based.dir/build.make:90: CMakeFiles/feedback_based.dir/src/common/ros2_sport_client.cpp.o] Error 1
[1.548s] gmake[2]: *** Waiting for unfinished jobs....
[1.590s] In file included from [01m[K/home/sangw/hailo_robot_ws/src/hailo_robot_control/src/common/ros2_sport_client.cpp:4[m[K:
[1.590s] [01m[K/home/sangw/hailo_robot_ws/src/hailo_robot_control/include/common/ros2_sport_client.h:9:10:[m[K [01;31m[Kfatal error: [m[Knlohmann/json.hpp: No such file or directory
[1.590s]     9 | #include [01;31m[K"nlohmann/json.hpp"[m[K
[1.590s]       |          [01;31m[K^~~~~~~~~~~~~~~~~~~[m[K
[1.590s] compilation terminated.
[1.591s] In file included from [01m[K/home/sangw/hailo_robot_ws/src/hailo_robot_control/src/common/ros2_sport_client.cpp:4[m[K:
[1.591s] [01m[K/home/sangw/hailo_robot_ws/src/hailo_robot_control/include/common/ros2_sport_client.h:9:10:[m[K [01;31m[Kfatal error: [m[Knlohmann/json.hpp: No such file or directory
[1.591s]     9 | #include [01;31m[K"nlohmann/json.hpp"[m[K
[1.591s]       |          [01;31m[K^~~~~~~~~~~~~~~~~~~[m[K
[1.591s] compilation terminated.
[1.591s] In file included from [01m[K/home/sangw/hailo_robot_ws/src/hailo_robot_control/src/feedback_based.cpp:5[m[K:
[1.591s] [01m[K/home/sangw/hailo_robot_ws/src/hailo_robot_control/include/common/ros2_sport_client.h:9:10:[m[K [01;31m[Kfatal error: [m[Knlohmann/json.hpp: No such file or directory
[1.591s]     9 | #include [01;31m[K"nlohmann/json.hpp"[m[K
[1.591s]       |          [01;31m[K^~~~~~~~~~~~~~~~~~~[m[K
[1.591s] compilation terminated.
[1.592s] gmake[2]: *** [CMakeFiles/practice.dir/build.make:90: CMakeFiles/practice.dir/src/common/ros2_sport_client.cpp.o] Error 1
[1.592s] gmake[2]: *** Waiting for unfinished jobs....
[1.593s] gmake[2]: *** [CMakeFiles/go2_ai_controller.dir/build.make:90: CMakeFiles/go2_ai_controller.dir/src/common/ros2_sport_client.cpp.o] Error 1
[1.593s] gmake[1]: *** [CMakeFiles/Makefile2:203: CMakeFiles/go2_ai_controller.dir/all] Error 2
[1.593s] gmake[2]: *** [CMakeFiles/feedback_based.dir/build.make:76: CMakeFiles/feedback_based.dir/src/feedback_based.cpp.o] Error 1
[1.593s] gmake[1]: *** Waiting for unfinished jobs....
[1.593s] gmake[1]: *** [CMakeFiles/Makefile2:333: CMakeFiles/feedback_based.dir/all] Error 2
[1.594s] In file included from [01m[K/home/sangw/hailo_robot_ws/src/hailo_robot_control/src/practice.cpp:4[m[K:
[1.594s] [01m[K/home/sangw/hailo_robot_ws/src/hailo_robot_control/include/common/ros2_sport_client.h:9:10:[m[K [01;31m[Kfatal error: [m[Knlohmann/json.hpp: No such file or directory
[1.594s]     9 | nclude [01;31m[K"nlohmann/json.hpp"[m[K
[1.594s]       |        [01;31m[K^~~~~~~~~~~~~~~~~~~[m[K
[1.594s] 
[1.595s] compilation terminated.
[1.597s] gmake[2]: *** [CMakeFiles/practice.dir/build.make:76: CMakeFiles/practice.dir/src/practice.cpp.o] Error 1
[1.597s] gmake[1]: *** [CMakeFiles/Makefile2:151: CMakeFiles/practice.dir/all] Error 2
[1.610s] In file included from [01m[K/home/sangw/hailo_robot_ws/src/hailo_robot_control/src/state_machine_test.cpp:4[m[K:
[1.610s] [01m[K/home/sangw/hailo_robot_ws/src/hailo_robot_control/include/common/ros2_sport_client.h:9:10:[m[K [01;31m[Kfatal error: [m[Knlohmann/json.hpp: No such file or directory
[1.610s]     9 | #include [01;31m[K"nlohmann/json.hpp"[m[K
[1.610s]       |          [01;31m[K^~~~~~~~~~~~~~~~~~~[m[K
[1.610s] compilation terminated.
[1.612s] gmake[2]: *** [CMakeFiles/state_machine.dir/build.make:76: CMakeFiles/state_machine.dir/src/state_machine_test.cpp.o] Error 1
[1.613s] gmake[1]: *** [CMakeFiles/Makefile2:177: CMakeFiles/state_machine.dir/all] Error 2
[5.318s] [ 66%] [32m[1mLinking CXX executable go2_stream_viewer[0m
[5.471s] [ 71%] [32m[1mLinking CXX executable go2_vision_node[0m
[5.836s] [ 71%] Built target go2_stream_viewer
[5.987s] [ 71%] Built target go2_vision_node
[6.516s] [ 76%] [32m[1mLinking CXX executable hailo_subscriber[0m
[6.705s] [ 76%] Built target hailo_subscriber
[7.156s] [ 80%] [32m[1mLinking CXX executable camera_test[0m
[7.682s] [ 80%] Built target camera_test
[7.683s] gmake: *** [Makefile:146: all] Error 2
[7.684s] Invoked command in '/home/sangw/hailo_robot_ws/build/hailo_robot_control' returned '2': CMAKE_PREFIX_PATH=${CMAKE_PREFIX_PATH}:/opt/ros/jazzy DEBUGINFOD_URLS=https://debuginfod.ubuntu.com /usr/bin/cmake --build /home/sangw/hailo_robot_ws/build/hailo_robot_control -- -j16 -l16
