[0.007s] Invoking command in '/home/sangw/hailo_robot_ws/build/hailo_robot_control': CMAKE_PREFIX_PATH=${CMAKE_PREFIX_PATH}:/opt/ros/jazzy DEBUGINFOD_URLS=https://debuginfod.ubuntu.com /usr/bin/cmake --build /home/sangw/hailo_robot_ws/build/hailo_robot_control -- -j16 -l16
[0.071s] [  4%] [32mBuilding CXX object CMakeFiles/state_machine.dir/src/state_machine_test.cpp.o[0m
[0.071s] [  9%] [32mBuilding CXX object CMakeFiles/go2_ai_controller.dir/src/common/ros2_sport_client.cpp.o[0m
[0.072s] [ 14%] [32mBuilding CXX object CMakeFiles/go2_ai_controller.dir/src/go2_ai_controller.cpp.o[0m
[0.073s] [ 19%] [32mBuilding CXX object CMakeFiles/state_machine.dir/src/common/ros2_sport_client.cpp.o[0m
[0.077s] [ 23%] [32mBuilding CXX object CMakeFiles/feedback_based.dir/src/feedback_based.cpp.o[0m
[0.079s] [ 28%] [32mBuilding CXX object CMakeFiles/practice.dir/src/common/ros2_sport_client.cpp.o[0m
[0.079s] [ 33%] [32mBuilding CXX object CMakeFiles/practice.dir/src/practice.cpp.o[0m
[0.082s] [ 38%] [32mBuilding CXX object CMakeFiles/feedback_based.dir/src/common/ros2_sport_client.cpp.o[0m
[0.086s] [ 42%] [32mBuilding CXX object CMakeFiles/hailo_subscriber.dir/src/hailo_subscriber.cpp.o[0m
[0.089s] [ 52%] Built target camera_test
[0.090s] [ 61%] Built target go2_stream_viewer
[0.091s] [ 76%] Built target go2_vision_node
[0.224s] In file included from [01m[K/home/sangw/hailo_robot_ws/src/hailo_robot_control/src/common/ros2_sport_client.cpp:4[m[K:
[0.224s] [01m[K/home/sangw/hailo_robot_ws/src/hailo_robot_control/include/common/ros2_sport_client.h:9:10:[m[K [01;31m[Kfatal error: [m[Knlohmann/json.hpp: No such file or directory
[0.224s]     9 | #include [01;31m[K"nlohmann/json.hpp"[m[K
[0.224s]       |          [01;31m[K^~~~~~~~~~~~~~~~~~~[m[K
[0.225s] compilation terminated.
[0.227s] In file included from [01m[K/home/sangw/hailo_robot_ws/src/hailo_robot_control/src/go2_ai_controller.cpp:6[m[K:
[0.227s] [01m[K/home/sangw/hailo_robot_ws/src/hailo_robot_control/include/common/ros2_sport_client.h:9:10:[m[K [01;31m[Kfatal error: [m[Knlohmann/json.hpp: No such file or directory
[0.227s]     9 | #include [01;31m[K"nlohmann/json.hpp"[m[K
[0.227s]       |          [01;31m[K^~~~~~~~~~~~~~~~~~~[m[K
[0.227s] compilation terminated.
[0.228s] In file included from [01m[K/home/sangw/hailo_robot_ws/src/hailo_robot_control/src/common/ros2_sport_client.cpp:4[m[K:
[0.228s] [01m[K/home/sangw/hailo_robot_ws/src/hailo_robot_control/include/common/ros2_sport_client.h:9:10:[m[K [01;31m[Kfatal error: [m[Knlohmann/json.hpp: No such file or directory
[0.228s]     9 | #include [01;31m[K"nlohmann/json.hpp"[m[K
[0.228s]       |          [01;31m[K^~~~~~~~~~~~~~~~~~~[m[K
[0.228s] compilation terminated.
[0.233s] gmake[2]: *** [CMakeFiles/go2_ai_controller.dir/build.make:76: CMakeFiles/go2_ai_controller.dir/src/go2_ai_controller.cpp.o] Error 1
[0.233s] gmake[2]: *** [CMakeFiles/practice.dir/build.make:90: CMakeFiles/practice.dir/src/common/ros2_sport_client.cpp.o] Error 1
[0.233s] gmake[2]: *** Waiting for unfinished jobs....
[0.233s] gmake[2]: *** Waiting for unfinished jobs....
[0.233s] gmake[2]: *** [CMakeFiles/go2_ai_controller.dir/build.make:90: CMakeFiles/go2_ai_controller.dir/src/common/ros2_sport_client.cpp.o] Error 1
[0.233s] gmake[1]: *** [CMakeFiles/Makefile2:203: CMakeFiles/go2_ai_controller.dir/all] Error 2
[0.233s] gmake[1]: *** Waiting for unfinished jobs....
[0.234s] In file included from [01m[K/home/sangw/hailo_robot_ws/src/hailo_robot_control/src/feedback_based.cpp:5[m[K:
[0.234s] [01m[K/home/sangw/hailo_robot_ws/src/hailo_robot_control/include/common/ros2_sport_client.h:9:10:[m[K [01;31m[Kfatal error: [m[Knlohmann/json.hpp: No such file or directory
[0.234s]     9 | #include [01;31m[K"nlohmann/json.hpp"[m[K
[0.234s]       |          [01;31m[K^~~~~~~~~~~~~~~~~~~[m[K
[0.234s] compilation terminated.
[0.236s] gmake[2]: *** [CMakeFiles/feedback_based.dir/build.make:76: CMakeFiles/feedback_based.dir/src/feedback_based.cpp.o] Error 1
[0.236s] gmake[2]: *** Waiting for unfinished jobs....
[0.251s] In file included from [01m[K/home/sangw/hailo_robot_ws/src/hailo_robot_control/src/practice.cpp:4[m[K:
[0.252s] [01m[K/home/sangw/hailo_robot_ws/src/hailo_robot_control/include/common/ros2_sport_client.h:9:10:[m[K [01;31m[Kfatal error: [m[Knlohmann/json.hpp: No such file or directory
[0.252s]     9 | nclude [01;31m[K"nlohmann/json.hpp"[m[K
[0.252s]       |        [01;31m[K^~~~~~~~~~~~~~~~~~~[m[K
[0.252s] 
[0.252s] compilation terminated.
[0.253s] gmake[2]: *** [CMakeFiles/practice.dir/build.make:76: CMakeFiles/practice.dir/src/practice.cpp.o] Error 1
[0.254s] gmake[1]: *** [CMakeFiles/Makefile2:151: CMakeFiles/practice.dir/all] Error 2
[0.277s] In file included from [01m[K/home/sangw/hailo_robot_ws/src/hailo_robot_control/src/state_machine_test.cpp:4[m[K:
[0.277s] [01m[K/home/sangw/hailo_robot_ws/src/hailo_robot_control/include/common/ros2_sport_client.h:9:10:[m[K [01;31m[Kfatal error: [m[Knlohmann/json.hpp: No such file or directory
[0.277s]     9 | #include [01;31m[K"nlohmann/json.hpp"[m[K
[0.278s]       |          [01;31m[K^~~~~~~~~~~~~~~~~~~[m[K
[0.278s] compilation terminated.
[0.278s] In file included from [01m[K/home/sangw/hailo_robot_ws/src/hailo_robot_control/src/common/ros2_sport_client.cpp:4[m[K:
[0.278s] [01m[K/home/sangw/hailo_robot_ws/src/hailo_robot_control/include/common/ros2_sport_client.h:9:10:[m[K [01;31m[Kfatal error: [m[Knlohmann/json.hpp: No such file or directory
[0.278s]     9 | #include [01;31m[K"nlohmann/json.hpp"[m[K
[0.278s]       |          [01;31m[K^~~~~~~~~~~~~~~~~~~[m[K
[0.278s] compilation terminated.
[0.279s] gmake[2]: *** [CMakeFiles/state_machine.dir/build.make:76: CMakeFiles/state_machine.dir/src/state_machine_test.cpp.o] Error 1
[0.280s] gmake[2]: *** Waiting for unfinished jobs....
[0.280s] gmake[2]: *** [CMakeFiles/feedback_based.dir/build.make:90: CMakeFiles/feedback_based.dir/src/common/ros2_sport_client.cpp.o] Error 1
[0.280s] gmake[1]: *** [CMakeFiles/Makefile2:333: CMakeFiles/feedback_based.dir/all] Error 2
[0.282s] In file included from [01m[K/home/sangw/hailo_robot_ws/src/hailo_robot_control/src/common/ros2_sport_client.cpp:4[m[K:
[0.282s] [01m[K/home/sangw/hailo_robot_ws/src/hailo_robot_control/include/common/ros2_sport_client.h:9:10:[m[K [01;31m[Kfatal error: [m[Knlohmann/json.hpp: No such file or directory
[0.282s]     9 | #include [01;31m[K"nlohmann/json.hpp"[m[K
[0.282s]       |          [01;31m[K^~~~~~~~~~~~~~~~~~~[m[K
[0.282s] compilation terminated.
[0.284s] gmake[2]: *** [CMakeFiles/state_machine.dir/build.make:90: CMakeFiles/state_machine.dir/src/common/ros2_sport_client.cpp.o] Error 1
[0.284s] gmake[1]: *** [CMakeFiles/Makefile2:177: CMakeFiles/state_machine.dir/all] Error 2
[4.750s] [ 80%] [32m[1mLinking CXX executable hailo_subscriber[0m
[4.945s] [ 80%] Built target hailo_subscriber
[4.946s] gmake: *** [Makefile:146: all] Error 2
[4.948s] Invoked command in '/home/sangw/hailo_robot_ws/build/hailo_robot_control' returned '2': CMAKE_PREFIX_PATH=${CMAKE_PREFIX_PATH}:/opt/ros/jazzy DEBUGINFOD_URLS=https://debuginfod.ubuntu.com /usr/bin/cmake --build /home/sangw/hailo_robot_ws/build/hailo_robot_control -- -j16 -l16
