[0.008s] Invoking command in '/home/sangw/hailo_robot_ws/build/hailo_robot_control': CMAKE_PREFIX_PATH=${CMAKE_PREFIX_PATH}:/opt/ros/jazzy DEBUGINFOD_URLS=https://debuginfod.ubuntu.com /usr/bin/cmake --build /home/sangw/hailo_robot_ws/build/hailo_robot_control -- -j16 -l16
[0.059s] [ 14%] [32mBuilding CXX object CMakeFiles/go2_ai_controller.dir/src/common/ros2_sport_client.cpp.o[0m
[0.059s] [ 14%] [32mBuilding CXX object CMakeFiles/go2_ai_controller.dir/src/go2_ai_controller.cpp.o[0m
[0.059s] [ 14%] [32mBuilding CXX object CMakeFiles/practice.dir/src/practice.cpp.o[0m
[0.061s] [ 19%] [32mBuilding CXX object CMakeFiles/practice.dir/src/common/ros2_sport_client.cpp.o[0m
[0.065s] [ 23%] [32mBuilding CXX object CMakeFiles/feedback_based.dir/src/feedback_based.cpp.o[0m
[0.065s] [ 28%] [32mBuilding CXX object CMakeFiles/feedback_based.dir/src/common/ros2_sport_client.cpp.o[0m
[0.067s] [ 38%] [32mBuilding CXX object CMakeFiles/state_machine.dir/src/common/ros2_sport_client.cpp.o[0m
[0.068s] [ 38%] [32mBuilding CXX object CMakeFiles/state_machine.dir/src/state_machine_test.cpp.o[0m
[0.069s] [ 47%] Built target go2_stream_viewer
[0.069s] [ 61%] Built target go2_vision_node
[0.074s] [ 71%] Built target camera_test
[0.079s] [ 80%] Built target hailo_subscriber
[0.255s] In file included from [01m[K/home/sangw/hailo_robot_ws/src/hailo_robot_control/src/common/ros2_sport_client.cpp:4[m[K:
[0.255s] [01m[K/home/sangw/hailo_robot_ws/src/hailo_robot_control/include/common/ros2_sport_client.h:10:10:[m[K [01;31m[Kfatal error: [m[Kpatch.hpp: No such file or directory
[0.255s]    10 | #include [01;31m[K"patch.hpp"[m[K
[0.255s]       |          [01;31m[K^~~~~~~~~~~[m[K
[0.255s] In file included from [01m[K/home/sangw/hailo_robot_ws/src/hailo_robot_control/src/practice.cpp:4[m[K:
[0.255s] [01m[K/home/sangw/hailo_robot_ws/src/hailo_robot_control/include/common/ros2_sport_client.h:10:10:[m[K [01;31m[Kfatal error: [m[Kpatch.hpp: No such file or directory
[0.255s]    10 | nclude [01;31m[K"patch.hpp"[m[K
[0.255s]       |        [01;31m[K^~~~~~~~~~~[m[K
[0.256s] 
[0.256s] compilation terminated.
[0.256s] compilation terminated.
[0.257s] In file included from [01m[K/home/sangw/hailo_robot_ws/src/hailo_robot_control/src/common/ros2_sport_client.cpp:4[m[K:
[0.257s] [01m[K/home/sangw/hailo_robot_ws/src/hailo_robot_control/include/common/ros2_sport_client.h:10:10:[m[K [01;31m[Kfatal error: [m[Kpatch.hpp: No such file or directory
[0.257s]    10 | #include [01;31m[K"patch.hpp"[m[K
[0.257s]       |          [01;31m[K^~~~~~~~~~~[m[K
[0.257s] compilation terminated.
[0.259s] In file included from [01m[K/home/sangw/hailo_robot_ws/src/hailo_robot_control/src/common/ros2_sport_client.cpp:4[m[K:
[0.259s] [01m[K/home/sangw/hailo_robot_ws/src/hailo_robot_control/include/common/ros2_sport_client.h:10:10:[m[K [01;31m[Kfatal error: [m[Kpatch.hpp: No such file or directory
[0.259s]    10 | #include [01;31m[K"patch.hpp"[m[K
[0.259s]       |          [01;31m[K^~~~~~~~~~~[m[K
[0.259s] compilation terminated.
[0.261s] In file included from [01m[K/home/sangw/hailo_robot_ws/src/hailo_robot_control/src/common/ros2_sport_client.cpp:4[m[K:
[0.261s] [01m[K/home/sangw/hailo_robot_ws/src/hailo_robot_control/include/common/ros2_sport_client.h:10:10:[m[K [01;31m[Kfatal error: [m[Kpatch.hpp: No such file or directory
[0.261s]    10 | #include [01;31m[K"patch.hpp"[m[K
[0.261s]       |          [01;31m[K^~~~~~~~~~~[m[K
[0.261s] compilation terminated.
[0.263s] In file included from [01m[K/home/sangw/hailo_robot_ws/src/hailo_robot_control/src/feedback_based.cpp:5[m[K:
[0.263s] [01m[K/home/sangw/hailo_robot_ws/src/hailo_robot_control/include/common/ros2_sport_client.h:10:10:[m[K [01;31m[Kfatal error: [m[Kpatch.hpp: No such file or directory
[0.263s]    10 | #include [01;31m[K"patch.hpp"[m[K
[0.263s]       |          [01;31m[K^~~~~~~~~~~[m[K
[0.263s] compilation terminated.
[0.264s] gmake[2]: *** [CMakeFiles/practice.dir/build.make:76: CMakeFiles/practice.dir/src/practice.cpp.o] Error 1
[0.264s] gmake[2]: *** [CMakeFiles/feedback_based.dir/build.make:90: CMakeFiles/feedback_based.dir/src/common/ros2_sport_client.cpp.o] Error 1
[0.264s] gmake[2]: *** [CMakeFiles/state_machine.dir/build.make:90: CMakeFiles/state_machine.dir/src/common/ros2_sport_client.cpp.o] Error 1
[0.264s] gmake[2]: *** [CMakeFiles/go2_ai_controller.dir/build.make:90: CMakeFiles/go2_ai_controller.dir/src/common/ros2_sport_client.cpp.o] Error 1
[0.264s] gmake[2]: *** Waiting for unfinished jobs....
[0.264s] gmake[2]: *** Waiting for unfinished jobs....
[0.264s] gmake[2]: *** Waiting for unfinished jobs....
[0.264s] gmake[2]: *** Waiting for unfinished jobs....
[0.264s] gmake[2]: *** [CMakeFiles/practice.dir/build.make:90: CMakeFiles/practice.dir/src/common/ros2_sport_client.cpp.o] Error 1
[0.264s] gmake[1]: *** [CMakeFiles/Makefile2:151: CMakeFiles/practice.dir/all] Error 2
[0.264s] gmake[1]: *** Waiting for unfinished jobs....
[0.265s] gmake[2]: *** [CMakeFiles/feedback_based.dir/build.make:76: CMakeFiles/feedback_based.dir/src/feedback_based.cpp.o] Error 1
[0.265s] gmake[1]: *** [CMakeFiles/Makefile2:333: CMakeFiles/feedback_based.dir/all] Error 2
[0.323s] In file included from [01m[K/home/sangw/hailo_robot_ws/src/hailo_robot_control/src/state_machine_test.cpp:4[m[K:
[0.323s] [01m[K/home/sangw/hailo_robot_ws/src/hailo_robot_control/include/common/ros2_sport_client.h:10:10:[m[K [01;31m[Kfatal error: [m[Kpatch.hpp: No such file or directory
[0.323s]    10 | #include [01;31m[K"patch.hpp"[m[K
[0.323s]       |          [01;31m[K^~~~~~~~~~~[m[K
[0.323s] compilation terminated.
[0.326s] gmake[2]: *** [CMakeFiles/state_machine.dir/build.make:76: CMakeFiles/state_machine.dir/src/state_machine_test.cpp.o] Error 1
[0.326s] gmake[1]: *** [CMakeFiles/Makefile2:177: CMakeFiles/state_machine.dir/all] Error 2
[0.326s] In file included from [01m[K/home/sangw/hailo_robot_ws/src/hailo_robot_control/src/go2_ai_controller.cpp:6[m[K:
[0.326s] [01m[K/home/sangw/hailo_robot_ws/src/hailo_robot_control/include/common/ros2_sport_client.h:10:10:[m[K [01;31m[Kfatal error: [m[Kpatch.hpp: No such file or directory
[0.326s]    10 | #include [01;31m[K"patch.hpp"[m[K
[0.326s]       |          [01;31m[K^~~~~~~~~~~[m[K
[0.326s] compilation terminated.
[0.329s] gmake[2]: *** [CMakeFiles/go2_ai_controller.dir/build.make:76: CMakeFiles/go2_ai_controller.dir/src/go2_ai_controller.cpp.o] Error 1
[0.329s] gmake[1]: *** [CMakeFiles/Makefile2:203: CMakeFiles/go2_ai_controller.dir/all] Error 2
[0.329s] gmake: *** [Makefile:146: all] Error 2
[0.331s] Invoked command in '/home/sangw/hailo_robot_ws/build/hailo_robot_control' returned '2': CMAKE_PREFIX_PATH=${CMAKE_PREFIX_PATH}:/opt/ros/jazzy DEBUGINFOD_URLS=https://debuginfod.ubuntu.com /usr/bin/cmake --build /home/sangw/hailo_robot_ws/build/hailo_robot_control -- -j16 -l16
