-- Found ament_cmake: 2.5.5 (/opt/ros/jazzy/share/ament_cmake/cmake)
-- Found rclcpp: 28.1.16 (/opt/ros/jazzy/share/rclcpp/cmake)
-- Found rosidl_generator_c: 4.6.7 (/opt/ros/jazzy/share/rosidl_generator_c/cmake)
-- Found rosidl_generator_cpp: 4.6.7 (/opt/ros/jazzy/share/rosidl_generator_cpp/cmake)
-- Using all available rosidl_typesupport_c: rosidl_typesupport_fastrtps_c;rosidl_typesupport_introspection_c
-- Using all available rosidl_typesupport_cpp: rosidl_typesupport_fastrtps_cpp;rosidl_typesupport_introspection_cpp
-- Found rmw_implementation_cmake: 7.3.3 (/opt/ros/jazzy/share/rmw_implementation_cmake/cmake)
-- Found rmw_fastrtps_cpp: 8.4.3 (/opt/ros/jazzy/share/rmw_fastrtps_cpp/cmake)
-- Using RMW implementation 'rmw_fastrtps_cpp' as default
-- Found std_msgs: 5.3.6 (/opt/ros/jazzy/share/std_msgs/cmake)
-- Found unitree_go: 0.0.0 (/home/sangw/unitree_ros2/install/unitree_go/share/unitree_go/cmake)
-- Found unitree_api: 0.0.0 (/home/sangw/unitree_ros2/install/unitree_api/share/unitree_api/cmake)
-- Found unitree_go2_vision_msgs: 0.0.0 (/home/sangw/unitree_ros2/install/unitree_go2_vision_msgs/share/unitree_go2_vision_msgs/cmake)
-- Configuring done (0.5s)
-- Generating done (0.0s)
-- Build files have been written to: /home/sangw/hailo_robot_ws/build/hailo_robot_control
[  9%] Built target hailo_subscriber
[ 19%] Built target camera_test
[ 33%] Built target state_machine
[ 52%] Built target practice
[ 61%] Built target go2_vision_node
[ 66%] [32mBuilding CXX object CMakeFiles/feedback_based.dir/src/feedback_based.cpp.o[0m
[ 76%] Built target go2_stream_viewer
[ 90%] Built target go2_ai_controller
