-- Found ament_cmake: 2.5.5 (/opt/ros/jazzy/share/ament_cmake/cmake)
-- Found rclcpp: 28.1.16 (/opt/ros/jazzy/share/rclcpp/cmake)
-- Found rosidl_generator_c: 4.6.7 (/opt/ros/jazzy/share/rosidl_generator_c/cmake)
-- Found rosidl_generator_cpp: 4.6.7 (/opt/ros/jazzy/share/rosidl_generator_cpp/cmake)
-- Using all available rosidl_typesupport_c: rosidl_typesupport_fastrtps_c;rosidl_typesupport_introspection_c
-- Using all available rosidl_typesupport_cpp: rosidl_typesupport_fastrtps_cpp;rosidl_typesupport_introspection_cpp
-- Found rmw_implementation_cmake: 7.3.3 (/opt/ros/jazzy/share/rmw_implementation_cmake/cmake)
-- Found rmw_fastrtps_cpp: 8.4.3 (/opt/ros/jazzy/share/rmw_fastrtps_cpp/cmake)
-- Using RMW implementation 'rmw_fastrtps_cpp' as default
-- Found std_msgs: 5.3.6 (/opt/ros/jazzy/share/std_msgs/cmake)
-- Found unitree_go: 0.0.0 (/home/sangw/unitree_ros2/install/unitree_go/share/unitree_go/cmake)
-- Found unitree_api: 0.0.0 (/home/sangw/unitree_ros2/install/unitree_api/share/unitree_api/cmake)
-- Found unitree_go2_vision_msgs: 0.0.0 (/home/sangw/unitree_ros2/install/unitree_go2_vision_msgs/share/unitree_go2_vision_msgs/cmake)
-- Configuring done (0.5s)
-- Generating done (0.0s)
-- Build files have been written to: /home/sangw/hailo_robot_ws/build/hailo_robot_control
[  9%] Built target hailo_subscriber
[ 19%] Built target camera_test
[ 33%] Built target state_machine
[ 52%] Built target practice
[ 61%] Built target go2_vision_node
[ 66%] [32mBuilding CXX object CMakeFiles/feedback_based.dir/src/feedback_based.cpp.o[0m
[ 76%] Built target go2_stream_viewer
[ 90%] Built target go2_ai_controller
In file included from [01m[K/opt/ros/jazzy/include/rclcpp/rclcpp/client.hpp:42[m[K,
                 from [01m[K/opt/ros/jazzy/include/rclcpp/rclcpp/callback_group.hpp:24[m[K,
                 from [01m[K/opt/ros/jazzy/include/rclcpp/rclcpp/any_executable.hpp:20[m[K,
                 from [01m[K/opt/ros/jazzy/include/rclcpp/rclcpp/memory_strategy.hpp:25[m[K,
                 from [01m[K/opt/ros/jazzy/include/rclcpp/rclcpp/memory_strategies.hpp:18[m[K,
                 from [01m[K/opt/ros/jazzy/include/rclcpp/rclcpp/executor_options.hpp:22[m[K,
                 from [01m[K/opt/ros/jazzy/include/rclcpp/rclcpp/executor.hpp:38[m[K,
                 from [01m[K/opt/ros/jazzy/include/rclcpp/rclcpp/executors/multi_threaded_executor.hpp:25[m[K,
                 from [01m[K/opt/ros/jazzy/include/rclcpp/rclcpp/executors.hpp:21[m[K,
                 from [01m[K/opt/ros/jazzy/include/rclcpp/rclcpp/rclcpp.hpp:172[m[K,
                 from [01m[K/home/sangw/hailo_robot_ws/src/hailo_robot_control/include/common/ros2_sport_client.h:7[m[K,
                 from [01m[K/home/sangw/hailo_robot_ws/src/hailo_robot_control/src/feedback_based.cpp:5[m[K:
/opt/ros/jazzy/include/rclcpp/rclcpp/function_traits.hpp: In instantiation of ‘[01m[Kstruct rclcpp::function_traits::function_traits<Go2Test::Go2Test()::<lambda(auto:45)> >[m[K’:
[01m[K/opt/ros/jazzy/include/rclcpp/rclcpp/any_subscription_callback.hpp:396:25:[m[K   recursively required by substitution of ‘[01m[Ktemplate<class MessageT, class CallbackT> struct rclcpp::detail::SubscriptionCallbackTypeHelper<MessageT, CallbackT, typename std::enable_if<rclcpp::function_traits::same_arguments<CallbackT, std::function<void(std::shared_ptr<_Tp>, const rclcpp::MessageInfo&)> >::value, void>::type> [35m[K[with MessageT = unitree_go::msg::SportModeState_<std::allocator<void> >; CallbackT = Go2Test::Go2Test()::<lambda(auto:45)>][m[K[m[K’
[01m[K/opt/ros/jazzy/include/rclcpp/rclcpp/any_subscription_callback.hpp:396:25:[m[K   required from ‘[01m[Krclcpp::AnySubscriptionCallback<MessageT, AllocatorT> rclcpp::AnySubscriptionCallback<MessageT, AllocatorT>::[01;32m[Kset[m[K(CallbackT) [35m[K[with CallbackT = Go2Test::Go2Test()::<lambda(auto:45)>; MessageT = unitree_go::msg::SportModeState_<std::allocator<void> >; AllocatorT = std::allocator<void>][m[K[m[K’
[01m[K/opt/ros/jazzy/include/rclcpp/rclcpp/subscription_factory.hpp:93:32:[m[K   required from ‘[01m[Krclcpp::SubscriptionFactory rclcpp::[01;32m[Kcreate_subscription_factory[m[K(CallbackT&&, const SubscriptionOptionsWithAllocator<AllocatorT>&, typename MessageMemoryStrategyT::SharedPtr, std::shared_ptr<topic_statistics::SubscriptionTopicStatistics>) [35m[K[with MessageT = unitree_go::msg::SportModeState_<std::allocator<void> >; CallbackT = Go2Test::Go2Test()::<lambda(auto:45)>; AllocatorT = std::allocator<void>; SubscriptionT = Subscription<unitree_go::msg::SportModeState_<std::allocator<void> > >; MessageMemoryStrategyT = message_memory_strategy::MessageMemoryStrategy<unitree_go::msg::SportModeState_<std::allocator<void> >, std::allocator<void> >; typename MessageMemoryStrategyT::SharedPtr = std::shared_ptr<message_memory_strategy::MessageMemoryStrategy<unitree_go::msg::SportModeState_<std::allocator<void> >, std::allocator<void> > >][m[K[m[K’
[01m[K/opt/ros/jazzy/include/rclcpp/rclcpp/create_subscription.hpp:121:63:[m[K   required from ‘[01m[Kstd::shared_ptr<ROSMessageT> rclcpp::detail::[01;32m[Kcreate_subscription[m[K(NodeParametersT&, NodeTopicsT&, const std::string&, const rclcpp::QoS&, CallbackT&&, const rclcpp::SubscriptionOptionsWithAllocator<AllocatorT>&, typename MessageMemoryStrategyT::SharedPtr) [35m[K[with MessageT = unitree_go::msg::SportModeState_<std::allocator<void> >; CallbackT = Go2Test::Go2Test()::<lambda(auto:45)>; AllocatorT = std::allocator<void>; SubscriptionT = rclcpp::Subscription<unitree_go::msg::SportModeState_<std::allocator<void> > >; MessageMemoryStrategyT = rclcpp::message_memory_strategy::MessageMemoryStrategy<unitree_go::msg::SportModeState_<std::allocator<void> >, std::allocator<void> >; NodeParametersT = rclcpp::Node; NodeTopicsT = rclcpp::Node; std::string = std::__cxx11::basic_string<char>; typename MessageMemoryStrategyT::SharedPtr = std::shared_ptr<rclcpp::message_memory_strategy::MessageMemoryStrategy<unitree_go::msg::SportModeState_<std::allocator<void> >, std::allocator<void> > >][m[K[m[K’
[01m[K/opt/ros/jazzy/include/rclcpp/rclcpp/create_subscription.hpp:190:76:[m[K   required from ‘[01m[Kstd::shared_ptr<ROSMessageT> rclcpp::[01;32m[Kcreate_subscription[m[K(NodeT&, const std::string&, const QoS&, CallbackT&&, const SubscriptionOptionsWithAllocator<AllocatorT>&, typename MessageMemoryStrategyT::SharedPtr) [35m[K[with MessageT = unitree_go::msg::SportModeState_<std::allocator<void> >; CallbackT = Go2Test::Go2Test()::<lambda(auto:45)>; AllocatorT = std::allocator<void>; SubscriptionT = Subscription<unitree_go::msg::SportModeState_<std::allocator<void> > >; MessageMemoryStrategyT = message_memory_strategy::MessageMemoryStrategy<unitree_go::msg::SportModeState_<std::allocator<void> >, std::allocator<void> >; NodeT = Node; std::string = std::__cxx11::basic_string<char>; typename MessageMemoryStrategyT::SharedPtr = std::shared_ptr<message_memory_strategy::MessageMemoryStrategy<unitree_go::msg::SportModeState_<std::allocator<void> >, std::allocator<void> > >][m[K[m[K’
[01m[K/opt/ros/jazzy/include/rclcpp/rclcpp/node_impl.hpp:99:47:[m[K   required from ‘[01m[Kstd::shared_ptr<ROSMessageT> rclcpp::Node::[01;32m[Kcreate_subscription[m[K(const std::string&, const rclcpp::QoS&, CallbackT&&, const rclcpp::SubscriptionOptionsWithAllocator<AllocatorT>&, typename MessageMemoryStrategyT::SharedPtr) [35m[K[with MessageT = unitree_go::msg::SportModeState_<std::allocator<void> >; CallbackT = Go2Test::Go2Test()::<lambda(auto:45)>; AllocatorT = std::allocator<void>; SubscriptionT = rclcpp::Subscription<unitree_go::msg::SportModeState_<std::allocator<void> > >; MessageMemoryStrategyT = rclcpp::message_memory_strategy::MessageMemoryStrategy<unitree_go::msg::SportModeState_<std::allocator<void> >, std::allocator<void> >; std::string = std::__cxx11::basic_string<char>; typename MessageMemoryStrategyT::SharedPtr = std::shared_ptr<rclcpp::message_memory_strategy::MessageMemoryStrategy<unitree_go::msg::SportModeState_<std::allocator<void> >, std::allocator<void> > >][m[K[m[K’
[01m[K/home/sangw/hailo_robot_ws/src/hailo_robot_control/src/feedback_based.cpp:43:41:[m[K   required from here
[01m[K/opt/ros/jazzy/include/rclcpp/rclcpp/function_traits.hpp:51:9:[m[K [01;31m[Kerror: [m[K‘[01m[Kdecltype[m[K’ cannot resolve address of overloaded function
   51 |   using [01;31m[Karguments[m[K = typename tuple_tail<
      |         [01;31m[K^~~~~~~~~[m[K
[01m[K/opt/ros/jazzy/include/rclcpp/rclcpp/function_traits.hpp:57:9:[m[K [01;31m[Kerror: [m[K‘[01m[Kdecltype[m[K’ cannot resolve address of overloaded function
   57 |   using [01;31m[Kargument_type[m[K = typename std::tuple_element<N, arguments>::type;
      |         [01;31m[K^~~~~~~~~~~~~[m[K
[01m[K/opt/ros/jazzy/include/rclcpp/rclcpp/function_traits.hpp:59:9:[m[K [01;31m[Kerror: [m[K‘[01m[Kdecltype[m[K’ cannot resolve address of overloaded function
   59 |   using [01;31m[Kreturn_type[m[K = typename function_traits<decltype( &FunctionT::operator())>::return_type;
      |         [01;31m[K^~~~~~~~~~~[m[K
/opt/ros/jazzy/include/rclcpp/rclcpp/function_traits.hpp: In instantiation of ‘[01m[Kstruct rclcpp::function_traits::function_traits<Go2Test::Go2Test()::<lambda(auto:46)> >[m[K’:
[01m[K/opt/ros/jazzy/include/rclcpp/rclcpp/any_subscription_callback.hpp:396:25:[m[K   recursively required by substitution of ‘[01m[Ktemplate<class MessageT, class CallbackT> struct rclcpp::detail::SubscriptionCallbackTypeHelper<MessageT, CallbackT, typename std::enable_if<rclcpp::function_traits::same_arguments<CallbackT, std::function<void(std::shared_ptr<_Tp>, const rclcpp::MessageInfo&)> >::value, void>::type> [35m[K[with MessageT = std_msgs::msg::Bool_<std::allocator<void> >; CallbackT = Go2Test::Go2Test()::<lambda(auto:46)>][m[K[m[K’
[01m[K/opt/ros/jazzy/include/rclcpp/rclcpp/any_subscription_callback.hpp:396:25:[m[K   required from ‘[01m[Krclcpp::AnySubscriptionCallback<MessageT, AllocatorT> rclcpp::AnySubscriptionCallback<MessageT, AllocatorT>::[01;32m[Kset[m[K(CallbackT) [35m[K[with CallbackT = Go2Test::Go2Test()::<lambda(auto:46)>; MessageT = std_msgs::msg::Bool_<std::allocator<void> >; AllocatorT = std::allocator<void>][m[K[m[K’
[01m[K/opt/ros/jazzy/include/rclcpp/rclcpp/subscription_factory.hpp:93:32:[m[K   required from ‘[01m[Krclcpp::SubscriptionFactory rclcpp::[01;32m[Kcreate_subscription_factory[m[K(CallbackT&&, const SubscriptionOptionsWithAllocator<AllocatorT>&, typename MessageMemoryStrategyT::SharedPtr, std::shared_ptr<topic_statistics::SubscriptionTopicStatistics>) [35m[K[with MessageT = std_msgs::msg::Bool_<std::allocator<void> >; CallbackT = Go2Test::Go2Test()::<lambda(auto:46)>; AllocatorT = std::allocator<void>; SubscriptionT = Subscription<std_msgs::msg::Bool_<std::allocator<void> > >; MessageMemoryStrategyT = message_memory_strategy::MessageMemoryStrategy<std_msgs::msg::Bool_<std::allocator<void> >, std::allocator<void> >; typename MessageMemoryStrategyT::SharedPtr = std::shared_ptr<message_memory_strategy::MessageMemoryStrategy<std_msgs::msg::Bool_<std::allocator<void> >, std::allocator<void> > >][m[K[m[K’
[01m[K/opt/ros/jazzy/include/rclcpp/rclcpp/create_subscription.hpp:121:63:[m[K   required from ‘[01m[Kstd::shared_ptr<ROSMessageT> rclcpp::detail::[01;32m[Kcreate_subscription[m[K(NodeParametersT&, NodeTopicsT&, const std::string&, const rclcpp::QoS&, CallbackT&&, const rclcpp::SubscriptionOptionsWithAllocator<AllocatorT>&, typename MessageMemoryStrategyT::SharedPtr) [35m[K[with MessageT = std_msgs::msg::Bool_<std::allocator<void> >; CallbackT = Go2Test::Go2Test()::<lambda(auto:46)>; AllocatorT = std::allocator<void>; SubscriptionT = rclcpp::Subscription<std_msgs::msg::Bool_<std::allocator<void> > >; MessageMemoryStrategyT = rclcpp::message_memory_strategy::MessageMemoryStrategy<std_msgs::msg::Bool_<std::allocator<void> >, std::allocator<void> >; NodeParametersT = rclcpp::Node; NodeTopicsT = rclcpp::Node; std::string = std::__cxx11::basic_string<char>; typename MessageMemoryStrategyT::SharedPtr = std::shared_ptr<rclcpp::message_memory_strategy::MessageMemoryStrategy<std_msgs::msg::Bool_<std::allocator<void> >, std::allocator<void> > >][m[K[m[K’
[01m[K/opt/ros/jazzy/include/rclcpp/rclcpp/create_subscription.hpp:190:76:[m[K   required from ‘[01m[Kstd::shared_ptr<ROSMessageT> rclcpp::[01;32m[Kcreate_subscription[m[K(NodeT&, const std::string&, const QoS&, CallbackT&&, const SubscriptionOptionsWithAllocator<AllocatorT>&, typename MessageMemoryStrategyT::SharedPtr) [35m[K[with MessageT = std_msgs::msg::Bool_<std::allocator<void> >; CallbackT = Go2Test::Go2Test()::<lambda(auto:46)>; AllocatorT = std::allocator<void>; SubscriptionT = Subscription<std_msgs::msg::Bool_<std::allocator<void> > >; MessageMemoryStrategyT = message_memory_strategy::MessageMemoryStrategy<std_msgs::msg::Bool_<std::allocator<void> >, std::allocator<void> >; NodeT = Node; std::string = std::__cxx11::basic_string<char>; typename MessageMemoryStrategyT::SharedPtr = std::shared_ptr<message_memory_strategy::MessageMemoryStrategy<std_msgs::msg::Bool_<std::allocator<void> >, std::allocator<void> > >][m[K[m[K’
[01m[K/opt/ros/jazzy/include/rclcpp/rclcpp/node_impl.hpp:99:47:[m[K   required from ‘[01m[Kstd::shared_ptr<ROSMessageT> rclcpp::Node::[01;32m[Kcreate_subscription[m[K(const std::string&, const rclcpp::QoS&, CallbackT&&, const rclcpp::SubscriptionOptionsWithAllocator<AllocatorT>&, typename MessageMemoryStrategyT::SharedPtr) [35m[K[with MessageT = std_msgs::msg::Bool_<std::allocator<void> >; CallbackT = Go2Test::Go2Test()::<lambda(auto:46)>; AllocatorT = std::allocator<void>; SubscriptionT = rclcpp::Subscription<std_msgs::msg::Bool_<std::allocator<void> > >; MessageMemoryStrategyT = rclcpp::message_memory_strategy::MessageMemoryStrategy<std_msgs::msg::Bool_<std::allocator<void> >, std::allocator<void> >; std::string = std::__cxx11::basic_string<char>; typename MessageMemoryStrategyT::SharedPtr = std::shared_ptr<rclcpp::message_memory_strategy::MessageMemoryStrategy<std_msgs::msg::Bool_<std::allocator<void> >, std::allocator<void> > >][m[K[m[K’
[01m[K/home/sangw/hailo_robot_ws/src/hailo_robot_control/src/feedback_based.cpp:50:67:[m[K   required from here
[01m[K/opt/ros/jazzy/include/rclcpp/rclcpp/function_traits.hpp:51:9:[m[K [01;31m[Kerror: [m[K‘[01m[Kdecltype[m[K’ cannot resolve address of overloaded function
   51 |   using [01;31m[Karguments[m[K = typename tuple_tail<
      |         [01;31m[K^~~~~~~~~[m[K
[01m[K/opt/ros/jazzy/include/rclcpp/rclcpp/function_traits.hpp:57:9:[m[K [01;31m[Kerror: [m[K‘[01m[Kdecltype[m[K’ cannot resolve address of overloaded function
   57 |   using [01;31m[Kargument_type[m[K = typename std::tuple_element<N, arguments>::type;
      |         [01;31m[K^~~~~~~~~~~~~[m[K
[01m[K/opt/ros/jazzy/include/rclcpp/rclcpp/function_traits.hpp:59:9:[m[K [01;31m[Kerror: [m[K‘[01m[Kdecltype[m[K’ cannot resolve address of overloaded function
   59 |   using [01;31m[Kreturn_type[m[K = typename function_traits<decltype( &FunctionT::operator())>::return_type;
      |         [01;31m[K^~~~~~~~~~~[m[K
gmake[2]: *** [CMakeFiles/feedback_based.dir/build.make:76: CMakeFiles/feedback_based.dir/src/feedback_based.cpp.o] Error 1
gmake[1]: *** [CMakeFiles/Makefile2:333: CMakeFiles/feedback_based.dir/all] Error 2
gmake: *** [Makefile:146: all] Error 2
